{
  message: 'Connected to database successfully',
  level: 'info',
  service: 'user-service',
  label: 'UMS',
  timestamp: '2023-07-02T17:19:09.606Z'
}
{
  message: 'Application listening on port 5000',
  level: 'info',
  service: 'user-service',
  label: 'UMS',
  timestamp: '2023-07-02T17:19:09.622Z'
}
{
  message: 'Connected to database successfully',
  level: 'info',
  service: 'user-service',
  label: 'UMS',
  timestamp: '2023-07-02T17:32:44.282Z'
}
{
  message: 'Application listening on port 5000',
  level: 'info',
  service: 'user-service',
  label: 'UMS',
  timestamp: '2023-07-02T17:32:44.306Z'
}
{
  message: 'Connected to database successfully',
  level: 'info',
  service: 'user-service',
  label: 'UMS',
  timestamp: '2023-07-02T17:33:05.415Z'
}
{
  message: 'Application listening on port 5000',
  level: 'info',
  service: 'user-service',
  label: 'UMS',
  timestamp: '2023-07-02T17:33:05.432Z'
}
{
  message: 'Connected to database successfully',
  level: 'info',
  service: 'user-service',
  label: 'UMS',
  timestamp: '2023-07-02T17:34:10.563Z'
}
{
  message: 'Application listening on port 5000',
  level: 'info',
  service: 'user-service',
  label: 'UMS',
  timestamp: '2023-07-02T17:34:10.606Z'
}
